1730136300745:hello
1730136608097:help
1730137382338:rdo
1730137388166:anmrd
1730137774516:help
1730208312990:hello
1730472705062:help
1730474535307:missing
1730475590591:help
1730475594664:list
1730477073088:help list
1730477147496:help
1730477436508:list
1730477483696:help
1730477488549:help list
1730477791849:list
1730479896265:list --d
1730479906240:help
1730479912633:help list
1730480325369:list
1730480574819:list -d
1730480579301:list --d
1730480584493:list
1730480955732:list -d
1730480960370:list --t
1730481106608:list --d
1730481456659:list
1730481471783:list --date 01/11/2024
1730481487696:list --d 01/11/2024
1730481501745:list --d --date 01/11/2024
1730563947904:help
1730563953916:help list
1730563979544:list --date 02/02/2024
1730564074693:list --date 01/02/2023
1730564081664:list
1730564093723:list --date 01/11/2024
1730564496523:help list
1730564683047:help add
1730564797612:add description
1730564831173:add "description"
1730565119667:add "new task"
1730565376027:add "description"
1730565433571:add "description 2"
1730565450652:add "hey"
1730565985709:add "Task 1"
1730566002173:add "Task 2"
1730566534070:add "description"
1730566540456:add "description 2"
1730566582962:add "Descrit"
1730566965062:add "Descriptin"
1730567042838:add "Description"
1730567353122:add "Description 2"
1730567568510:add "Description14"
1730567621332:add "First Task"
1730567631297:add "Second Task"
1730568152413:add "First Task"
1730568158403:add "Second Task"
1730568163377:add "Third Task"
1730568303778:add "1st Task"
1730568326871:add "Third Task"
1730568335452:list
1730568397120:add "Fourth Task"
1730568399222:list
1730568415768:list --d
1730568618821:list
1730568628137:add "Fifth Task"
1730568631037:list
